<?xml version="1.0" encoding="UTF-8"?>
<testng-results skipped="0" failed="0" ignored="0" total="4" passed="4">
  <reporter-output>
  </reporter-output>
  <suite name="Default suite" duration-ms="28" started-at="2018-07-23T05:40:16Z" finished-at="2018-07-23T05:40:16Z">
    <groups>
    </groups>
    <test name="Default test" duration-ms="28" started-at="2018-07-23T05:40:16Z" finished-at="2018-07-23T05:40:16Z">
      <class name="JenkinsJava.JJ.TestNGClassTests">
        <test-method status="PASS" signature="TestCase01()[pri:0, instance:JenkinsJava.JJ.TestNGClassTests@cb5822]" name="TestCase01" duration-ms="6" started-at="2018-07-23T05:40:16Z" finished-at="2018-07-23T05:40:16Z">
          <reporter-output>
          </reporter-output>
        </test-method> <!-- TestCase01 -->
        <test-method status="PASS" signature="TestCase02()[pri:0, instance:JenkinsJava.JJ.TestNGClassTests@cb5822]" name="TestCase02" duration-ms="1" started-at="2018-07-23T05:40:16Z" finished-at="2018-07-23T05:40:16Z">
          <reporter-output>
          </reporter-output>
        </test-method> <!-- TestCase02 -->
        <test-method status="PASS" signature="TestCase03()[pri:0, instance:JenkinsJava.JJ.TestNGClassTests@cb5822]" name="TestCase03" duration-ms="1" started-at="2018-07-23T05:40:16Z" finished-at="2018-07-23T05:40:16Z">
          <reporter-output>
          </reporter-output>
        </test-method> <!-- TestCase03 -->
        <test-method status="PASS" signature="TestCase04()[pri:0, instance:JenkinsJava.JJ.TestNGClassTests@cb5822]" name="TestCase04" duration-ms="0" started-at="2018-07-23T05:40:16Z" finished-at="2018-07-23T05:40:16Z">
          <reporter-output>
          </reporter-output>
        </test-method> <!-- TestCase04 -->
      </class> <!-- JenkinsJava.JJ.TestNGClassTests -->
    </test> <!-- Default test -->
  </suite> <!-- Default suite -->
</testng-results>
